# JRE version: OpenJDK Runtime Environment (8.0_312-b07) (build 1.8.0_312-8u312-b07-0ubuntu1~20.04-b07)
# Java VM: OpenJDK 64-Bit Server VM (25.312-b07 mixed mode linux-amd64 )
Heap:
 PSYoungGen      total 9733632K, used 4674782K [0x00007f57c3b00000, 0x00007f5b72600000, 0x00007f5d19000000)
  eden space 7008256K, 27% used [0x00007f57c3b00000,0x00007f583ac911f8,0x00007f596f700000)
  from space 2725376K, 99% used [0x00007f596f700000,0x00007f5a15aa66e0,0x00007f5a15c80000)
  to   space 3859456K, 0% used [0x00007f5a86d00000,0x00007f5a86d00000,0x00007f5b72600000)
 ParOldGen       total 13629440K, used 10141866K [0x00007f4d19000000, 0x00007f5058e00000, 0x00007f57c3b00000)
  object space 13629440K, 74% used [0x00007f4d19000000,0x00007f4f8402ab38,0x00007f5058e00000)
 Metaspace       used 18471K, capacity 19466K, committed 19712K, reserved 20480K
GC Heap History (10 events):
Event: 321.074 GC heap before
{Heap before GC invocations=56 (full 6):
 PSYoungGen      total 9061376K, used 1047416K [0x00007f57c3b00000, 0x00007f5a8df80000, 0x00007f5d19000000)
  eden space 6454784K, 0% used [0x00007f57c3b00000,0x00007f57c3b00000,0x00007f594da80000)
  from space 2606592K, 40% used [0x00007f59eee00000,0x00007f5a2ecde038,0x00007f5a8df80000)
  to   space 2624000K, 0% used [0x00007f594da80000,0x00007f594da80000,0x00007f59edd00000)
 ParOldGen       total 7300608K, used 6876630K [0x00007f4d19000000, 0x00007f4ed6980000, 0x00007f57c3b00000)
  object space 7300608K, 94% used [0x00007f4d19000000,0x00007f4ebcb75bb0,0x00007f4ed6980000)
 Metaspace       used 18384K, capacity 19402K, committed 19456K, reserved 20480K
Event: 333.233 GC heap after
Heap after GC invocations=56 (full 6):
 PSYoungGen      total 9061376K, used 614885K [0x00007f57c3b00000, 0x00007f5a8df80000, 0x00007f5d19000000)
  eden space 6454784K, 0% used [0x00007f57c3b00000,0x00007f57c3b00000,0x00007f594da80000)
  from space 2606592K, 23% used [0x00007f59eee00000,0x00007f5a14679528,0x00007f5a8df80000)
  to   space 2624000K, 0% used [0x00007f594da80000,0x00007f594da80000,0x00007f59edd00000)
 ParOldGen       total 9669632K, used 7300417K [0x00007f4d19000000, 0x00007f4f67300000, 0x00007f57c3b00000)
  object space 9669632K, 75% used [0x00007f4d19000000,0x00007f4ed6950500,0x00007f4f67300000)
 Metaspace       used 18384K, capacity 19402K, committed 19456K, reserved 20480K
}
Event: 340.545 GC heap before
{Heap before GC invocations=57 (full 6):
 PSYoungGen      total 9061376K, used 7069669K [0x00007f57c3b00000, 0x00007f5a8df80000, 0x00007f5d19000000)
  eden space 6454784K, 100% used [0x00007f57c3b00000,0x00007f594da80000,0x00007f594da80000)
  from space 2606592K, 23% used [0x00007f59eee00000,0x00007f5a14679528,0x00007f5a8df80000)
  to   space 2624000K, 0% used [0x00007f594da80000,0x00007f594da80000,0x00007f59edd00000)
 ParOldGen       total 9669632K, used 7300417K [0x00007f4d19000000, 0x00007f4f67300000, 0x00007f57c3b00000)
  object space 9669632K, 75% used [0x00007f4d19000000,0x00007f4ed6950500,0x00007f4f67300000)
 Metaspace       used 18460K, capacity 19466K, committed 19712K, reserved 20480K
Event: 341.871 GC heap after
Heap after GC invocations=57 (full 6):
 PSYoungGen      total 9078784K, used 1540312K [0x00007f57c3b00000, 0x00007f5aafe00000, 0x00007f5d19000000)
  eden space 6454784K, 0% used [0x00007f57c3b00000,0x00007f57c3b00000,0x00007f594da80000)
  from space 2624000K, 58% used [0x00007f594da80000,0x00007f59abab6350,0x00007f59edd00000)
  to   space 2524672K, 0% used [0x00007f5a15c80000,0x00007f5a15c80000,0x00007f5aafe00000)
 ParOldGen       total 9669632K, used 7918545K [0x00007f4d19000000, 0x00007f4f67300000, 0x00007f57c3b00000)
  object space 9669632K, 81% used [0x00007f4d19000000,0x00007f4efc4f4500,0x00007f4f67300000)
 Metaspace       used 18460K, capacity 19466K, committed 19712K, reserved 20480K
}
Event: 345.216 GC heap before
{Heap before GC invocations=58 (full 6):
 PSYoungGen      total 9078784K, used 7386979K [0x00007f57c3b00000, 0x00007f5aafe00000, 0x00007f5d19000000)
  eden space 6454784K, 90% used [0x00007f57c3b00000,0x00007f59288a2a00,0x00007f594da80000)
  from space 2624000K, 58% used [0x00007f594da80000,0x00007f59abab6350,0x00007f59edd00000)
  to   space 2524672K, 0% used [0x00007f5a15c80000,0x00007f5a15c80000,0x00007f5aafe00000)
 ParOldGen       total 9669632K, used 7918545K [0x00007f4d19000000, 0x00007f4f67300000, 0x00007f57c3b00000)
  object space 9669632K, 81% used [0x00007f4d19000000,0x00007f4efc4f4500,0x00007f4f67300000)
 Metaspace       used 18464K, capacity 19466K, committed 19712K, reserved 20480K
Event: 345.751 GC heap after
Heap after GC invocations=58 (full 6):
 PSYoungGen      total 9532928K, used 2328344K [0x00007f57c3b00000, 0x00007f5ac4a80000, 0x00007f5d19000000)
  eden space 7008256K, 0% used [0x00007f57c3b00000,0x00007f57c3b00000,0x00007f596f700000)
  from space 2524672K, 92% used [0x00007f5a15c80000,0x00007f5aa3e460b0,0x00007f5aafe00000)
  to   space 2725376K, 0% used [0x00007f596f700000,0x00007f596f700000,0x00007f5a15c80000)
 ParOldGen       total 9669632K, used 7918553K [0x00007f4d19000000, 0x00007f4f67300000, 0x00007f57c3b00000)
  object space 9669632K, 81% used [0x00007f4d19000000,0x00007f4efc4f6500,0x00007f4f67300000)
 Metaspace       used 18464K, capacity 19466K, committed 19712K, reserved 20480K
}
Event: 351.303 GC heap before
{Heap before GC invocations=59 (full 6):
 PSYoungGen      total 9532928K, used 9336600K [0x00007f57c3b00000, 0x00007f5ac4a80000, 0x00007f5d19000000)
  eden space 7008256K, 100% used [0x00007f57c3b00000,0x00007f596f700000,0x00007f596f700000)
  from space 2524672K, 92% used [0x00007f5a15c80000,0x00007f5aa3e460b0,0x00007f5aafe00000)
  to   space 2725376K, 0% used [0x00007f596f700000,0x00007f596f700000,0x00007f5a15c80000)
 ParOldGen       total 9669632K, used 7918553K [0x00007f4d19000000, 0x00007f4f67300000, 0x00007f57c3b00000)
  object space 9669632K, 81% used [0x00007f4d19000000,0x00007f4efc4f6500,0x00007f4f67300000)
 Metaspace       used 18464K, capacity 19466K, committed 19712K, reserved 20480K
Event: 352.853 GC heap after
Heap after GC invocations=59 (full 6):
 PSYoungGen      total 9733632K, used 2725344K [0x00007f57c3b00000, 0x00007f5b72600000, 0x00007f5d19000000)
  eden space 7008256K, 0% used [0x00007f57c3b00000,0x00007f57c3b00000,0x00007f596f700000)
  from space 2725376K, 99% used [0x00007f596f700000,0x00007f5a15c78288,0x00007f5a15c80000)
  to   space 3859456K, 0% used [0x00007f5a86d00000,0x00007f5a86d00000,0x00007f5b72600000)
 ParOldGen       total 10157568K, used 10157481K [0x00007f4d19000000, 0x00007f4f84f80000, 0x00007f57c3b00000)
  object space 10157568K, 99% used [0x00007f4d19000000,0x00007f4f84f6a538,0x00007f4f84f80000)
 Metaspace       used 18464K, capacity 19466K, committed 19712K, reserved 20480K
}
Event: 352.853 GC heap before
{Heap before GC invocations=60 (full 7):
 PSYoungGen      total 9733632K, used 2725344K [0x00007f57c3b00000, 0x00007f5b72600000, 0x00007f5d19000000)
  eden space 7008256K, 0% used [0x00007f57c3b00000,0x00007f57c3b00000,0x00007f596f700000)
  from space 2725376K, 99% used [0x00007f596f700000,0x00007f5a15c78288,0x00007f5a15c80000)
  to   space 3859456K, 0% used [0x00007f5a86d00000,0x00007f5a86d00000,0x00007f5b72600000)
 ParOldGen       total 10157568K, used 10157481K [0x00007f4d19000000, 0x00007f4f84f80000, 0x00007f57c3b00000)
  object space 10157568K, 99% used [0x00007f4d19000000,0x00007f4f84f6a538,0x00007f4f84f80000)
 Metaspace       used 18464K, capacity 19466K, committed 19712K, reserved 20480K
Event: 371.807 GC heap after
Heap after GC invocations=60 (full 7):
 PSYoungGen      total 9733632K, used 2723481K [0x00007f57c3b00000, 0x00007f5b72600000, 0x00007f5d19000000)
  eden space 7008256K, 0% used [0x00007f57c3b00000,0x00007f57c3b00000,0x00007f596f700000)
  from space 2725376K, 99% used [0x00007f596f700000,0x00007f5a15aa66e0,0x00007f5a15c80000)
  to   space 3859456K, 0% used [0x00007f5a86d00000,0x00007f5a86d00000,0x00007f5b72600000)
 ParOldGen       total 13629440K, used 10141866K [0x00007f4d19000000, 0x00007f5058e00000, 0x00007f57c3b00000)
  object space 13629440K, 74% used [0x00007f4d19000000,0x00007f4f8402ab38,0x00007f5058e00000)
 Metaspace       used 18464K, capacity 19466K, committed 19712K, reserved 20480K
}

