# JRE version: OpenJDK Runtime Environment (8.0_312-b07) (build 1.8.0_312-8u312-b07-0ubuntu1~20.04-b07)
# Java VM: OpenJDK 64-Bit Server VM (25.312-b07 mixed mode linux-amd64 )
Heap:
 PSYoungGen      total 16017408K, used 7290616K [0x00007ff083b00000, 0x00007ff5d9000000, 0x00007ff5d9000000)
  eden space 11097088K, 21% used [0x00007ff083b00000,0x00007ff114981a18,0x00007ff329000000)
  from space 4920320K, 99% used [0x00007ff4a4680000,0x00007ff5d07bc818,0x00007ff5d0b80000)
  to   space 5636096K, 0% used [0x00007ff329000000,0x00007ff329000000,0x00007ff481000000)
 ParOldGen       total 8624640K, used 6350847K [0x00007fe5d9000000, 0x00007fe7e7680000, 0x00007ff083b00000)
  object space 8624640K, 73% used [0x00007fe5d9000000,0x00007fe75c9ffed0,0x00007fe7e7680000)
 Metaspace       used 18057K, capacity 19142K, committed 19200K, reserved 20480K
GC Heap History (10 events):
Event: 242.613 GC heap before
{Heap before GC invocations=49 (full 4):
 PSYoungGen      total 14853632K, used 14122560K [0x00007ff083b00000, 0x00007ff529000000, 0x00007ff5d9000000)
  eden space 10752000K, 100% used [0x00007ff083b00000,0x00007ff313f00000,0x00007ff313f00000)
  from space 4101632K, 82% used [0x00007ff419000000,0x00007ff4e6b90030,0x00007ff513580000)
  to   space 4277248K, 0% used [0x00007ff313f00000,0x00007ff313f00000,0x00007ff419000000)
 ParOldGen       total 6676992K, used 5391357K [0x00007fe5d9000000, 0x00007fe770880000, 0x00007ff083b00000)
  object space 6676992K, 80% used [0x00007fe5d9000000,0x00007fe7220ff430,0x00007fe770880000)
 Metaspace       used 18042K, capacity 19142K, committed 19200K, reserved 20480K
Event: 244.665 GC heap after
Heap after GC invocations=49 (full 4):
 PSYoungGen      total 15029248K, used 3527392K [0x00007ff083b00000, 0x00007ff56d200000, 0x00007ff5d9000000)
  eden space 10752000K, 0% used [0x00007ff083b00000,0x00007ff083b00000,0x00007ff313f00000)
  from space 4277248K, 82% used [0x00007ff313f00000,0x00007ff3eb3b8030,0x00007ff419000000)
  to   space 4468224K, 0% used [0x00007ff45c680000,0x00007ff45c680000,0x00007ff56d200000)
 ParOldGen       total 6676992K, used 5559045K [0x00007fe5d9000000, 0x00007fe770880000, 0x00007ff083b00000)
  object space 6676992K, 83% used [0x00007fe5d9000000,0x00007fe72c4c1430,0x00007fe770880000)
 Metaspace       used 18042K, capacity 19142K, committed 19200K, reserved 20480K
}
Event: 252.848 GC heap before
{Heap before GC invocations=50 (full 4):
 PSYoungGen      total 15029248K, used 14279392K [0x00007ff083b00000, 0x00007ff56d200000, 0x00007ff5d9000000)
  eden space 10752000K, 100% used [0x00007ff083b00000,0x00007ff313f00000,0x00007ff313f00000)
  from space 4277248K, 82% used [0x00007ff313f00000,0x00007ff3eb3b8030,0x00007ff419000000)
  to   space 4468224K, 0% used [0x00007ff45c680000,0x00007ff45c680000,0x00007ff56d200000)
 ParOldGen       total 6676992K, used 5559045K [0x00007fe5d9000000, 0x00007fe770880000, 0x00007ff083b00000)
  object space 6676992K, 83% used [0x00007fe5d9000000,0x00007fe72c4c1430,0x00007fe770880000)
 Metaspace       used 18042K, capacity 19142K, committed 19200K, reserved 20480K
Event: 254.918 GC heap after
Heap after GC invocations=50 (full 4):
 PSYoungGen      total 15932416K, used 3677056K [0x00007ff083b00000, 0x00007ff584a00000, 0x00007ff5d9000000)
  eden space 11464192K, 0% used [0x00007ff083b00000,0x00007ff083b00000,0x00007ff33f680000)
  from space 4468224K, 82% used [0x00007ff45c680000,0x00007ff53cd60048,0x00007ff56d200000)
  to   space 4669440K, 0% used [0x00007ff33f680000,0x00007ff33f680000,0x00007ff45c680000)
 ParOldGen       total 6676992K, used 5742357K [0x00007fe5d9000000, 0x00007fe770880000, 0x00007ff083b00000)
  object space 6676992K, 86% used [0x00007fe5d9000000,0x00007fe7377c5430,0x00007fe770880000)
 Metaspace       used 18042K, capacity 19142K, committed 19200K, reserved 20480K
}
Event: 262.737 GC heap before
{Heap before GC invocations=51 (full 4):
 PSYoungGen      total 15932416K, used 15108571K [0x00007ff083b00000, 0x00007ff584a00000, 0x00007ff5d9000000)
  eden space 11464192K, 99% used [0x00007ff083b00000,0x00007ff33d696e78,0x00007ff33f680000)
  from space 4468224K, 82% used [0x00007ff45c680000,0x00007ff53cd60048,0x00007ff56d200000)
  to   space 4669440K, 0% used [0x00007ff33f680000,0x00007ff33f680000,0x00007ff45c680000)
 ParOldGen       total 6676992K, used 5742357K [0x00007fe5d9000000, 0x00007fe770880000, 0x00007ff083b00000)
  object space 6676992K, 86% used [0x00007fe5d9000000,0x00007fe7377c5430,0x00007fe770880000)
 Metaspace       used 18055K, capacity 19142K, committed 19200K, reserved 20480K
Event: 264.488 GC heap after
Heap after GC invocations=51 (full 4):
 PSYoungGen      total 16133632K, used 3943040K [0x00007ff083b00000, 0x00007ff5d0b80000, 0x00007ff5d9000000)
  eden space 11464192K, 0% used [0x00007ff083b00000,0x00007ff083b00000,0x00007ff33f680000)
  from space 4669440K, 84% used [0x00007ff33f680000,0x00007ff430120060,0x00007ff45c680000)
  to   space 4920320K, 0% used [0x00007ff4a4680000,0x00007ff4a4680000,0x00007ff5d0b80000)
 ParOldGen       total 6676992K, used 5925845K [0x00007fe5d9000000, 0x00007fe770880000, 0x00007ff083b00000)
  object space 6676992K, 88% used [0x00007fe5d9000000,0x00007fe742af5430,0x00007fe770880000)
 Metaspace       used 18055K, capacity 19142K, committed 19200K, reserved 20480K
}
Event: 272.548 GC heap before
{Heap before GC invocations=52 (full 4):
 PSYoungGen      total 16133632K, used 15407232K [0x00007ff083b00000, 0x00007ff5d0b80000, 0x00007ff5d9000000)
  eden space 11464192K, 100% used [0x00007ff083b00000,0x00007ff33f680000,0x00007ff33f680000)
  from space 4669440K, 84% used [0x00007ff33f680000,0x00007ff430120060,0x00007ff45c680000)
  to   space 4920320K, 0% used [0x00007ff4a4680000,0x00007ff4a4680000,0x00007ff5d0b80000)
 ParOldGen       total 6676992K, used 5925845K [0x00007fe5d9000000, 0x00007fe770880000, 0x00007ff083b00000)
  object space 6676992K, 88% used [0x00007fe5d9000000,0x00007fe742af5430,0x00007fe770880000)
 Metaspace       used 18055K, capacity 19142K, committed 19200K, reserved 20480K
Event: 274.174 GC heap after
Heap after GC invocations=52 (full 4):
 PSYoungGen      total 16017408K, used 4920288K [0x00007ff083b00000, 0x00007ff5d9000000, 0x00007ff5d9000000)
  eden space 11097088K, 0% used [0x00007ff083b00000,0x00007ff083b00000,0x00007ff329000000)
  from space 4920320K, 99% used [0x00007ff4a4680000,0x00007ff5d0b78078,0x00007ff5d0b80000)
  to   space 5636096K, 0% used [0x00007ff329000000,0x00007ff329000000,0x00007ff481000000)
 ParOldGen       total 6676992K, used 6359261K [0x00007fe5d9000000, 0x00007fe770880000, 0x00007ff083b00000)
  object space 6676992K, 95% used [0x00007fe5d9000000,0x00007fe75d237430,0x00007fe770880000)
 Metaspace       used 18055K, capacity 19142K, committed 19200K, reserved 20480K
}
Event: 274.174 GC heap before
{Heap before GC invocations=53 (full 5):
 PSYoungGen      total 16017408K, used 4920288K [0x00007ff083b00000, 0x00007ff5d9000000, 0x00007ff5d9000000)
  eden space 11097088K, 0% used [0x00007ff083b00000,0x00007ff083b00000,0x00007ff329000000)
  from space 4920320K, 99% used [0x00007ff4a4680000,0x00007ff5d0b78078,0x00007ff5d0b80000)
  to   space 5636096K, 0% used [0x00007ff329000000,0x00007ff329000000,0x00007ff481000000)
 ParOldGen       total 6676992K, used 6359261K [0x00007fe5d9000000, 0x00007fe770880000, 0x00007ff083b00000)
  object space 6676992K, 95% used [0x00007fe5d9000000,0x00007fe75d237430,0x00007fe770880000)
 Metaspace       used 18055K, capacity 19142K, committed 19200K, reserved 20480K
Event: 292.351 GC heap after
Heap after GC invocations=53 (full 5):
 PSYoungGen      total 16017408K, used 4916466K [0x00007ff083b00000, 0x00007ff5d9000000, 0x00007ff5d9000000)
  eden space 11097088K, 0% used [0x00007ff083b00000,0x00007ff083b00000,0x00007ff329000000)
  from space 4920320K, 99% used [0x00007ff4a4680000,0x00007ff5d07bc818,0x00007ff5d0b80000)
  to   space 5636096K, 0% used [0x00007ff329000000,0x00007ff329000000,0x00007ff481000000)
 ParOldGen       total 8624640K, used 6350847K [0x00007fe5d9000000, 0x00007fe7e7680000, 0x00007ff083b00000)
  object space 8624640K, 73% used [0x00007fe5d9000000,0x00007fe75c9ffed0,0x00007fe7e7680000)
 Metaspace       used 18055K, capacity 19142K, committed 19200K, reserved 20480K
}

