# JRE version: OpenJDK Runtime Environment (8.0_312-b07) (build 1.8.0_312-8u312-b07-0ubuntu1~20.04-b07)
# Java VM: OpenJDK 64-Bit Server VM (25.312-b07 mixed mode linux-amd64 )
Heap:
 PSYoungGen      total 4579840K, used 2075978K [0x00007f8e03b00000, 0x00007f8f8ea00000, 0x00007f9359000000)
  eden space 3604480K, 30% used [0x00007f8e03b00000,0x00007f8e46dd8a90,0x00007f8edfb00000)
  from space 975360K, 99% used [0x00007f8f2d600000,0x00007f8f68e79f98,0x00007f8f68e80000)
  to   space 1272832K, 0% used [0x00007f8edfb00000,0x00007f8edfb00000,0x00007f8f2d600000)
 ParOldGen       total 3150336K, used 2251615K [0x00007f8359000000, 0x00007f8419480000, 0x00007f8e03b00000)
  object space 3150336K, 71% used [0x00007f8359000000,0x00007f83e26d7c10,0x00007f8419480000)
 Metaspace       used 18026K, capacity 19082K, committed 19200K, reserved 20480K
GC Heap History (10 events):
Event: 11.997 GC heap before
{Heap before GC invocations=10 (full 1):
 PSYoungGen      total 2912256K, used 2912238K [0x00007f8e03b00000, 0x00007f8f2ce00000, 0x00007f9359000000)
  eden space 2491904K, 100% used [0x00007f8e03b00000,0x00007f8e9bc80000,0x00007f8e9bc80000)
  from space 420352K, 99% used [0x00007f8f13380000,0x00007f8f2cdfb8b8,0x00007f8f2ce00000)
  to   space 521216K, 0% used [0x00007f8eed400000,0x00007f8eed400000,0x00007f8f0d100000)
 ParOldGen       total 1360384K, used 731307K [0x00007f8359000000, 0x00007f83ac080000, 0x00007f8e03b00000)
  object space 1360384K, 53% used [0x00007f8359000000,0x00007f8385a2ace8,0x00007f83ac080000)
 Metaspace       used 18000K, capacity 19082K, committed 19200K, reserved 20480K
Event: 12.483 GC heap after
Heap after GC invocations=10 (full 1):
 PSYoungGen      total 3435520K, used 521189K [0x00007f8e03b00000, 0x00007f8f13400000, 0x00007f9359000000)
  eden space 2914304K, 0% used [0x00007f8e03b00000,0x00007f8e03b00000,0x00007f8eb5900000)
  from space 521216K, 99% used [0x00007f8eed400000,0x00007f8f0d0f9508,0x00007f8f0d100000)
  to   space 101376K, 0% used [0x00007f8f0d100000,0x00007f8f0d100000,0x00007f8f13400000)
 ParOldGen       total 1360384K, used 1006875K [0x00007f8359000000, 0x00007f83ac080000, 0x00007f8e03b00000)
  object space 1360384K, 74% used [0x00007f8359000000,0x00007f8396746ce8,0x00007f83ac080000)
 Metaspace       used 18000K, capacity 19082K, committed 19200K, reserved 20480K
}
Event: 13.801 GC heap before
{Heap before GC invocations=11 (full 1):
 PSYoungGen      total 3435520K, used 3435493K [0x00007f8e03b00000, 0x00007f8f13400000, 0x00007f9359000000)
  eden space 2914304K, 100% used [0x00007f8e03b00000,0x00007f8eb5900000,0x00007f8eb5900000)
  from space 521216K, 99% used [0x00007f8eed400000,0x00007f8f0d0f9508,0x00007f8f0d100000)
  to   space 101376K, 0% used [0x00007f8f0d100000,0x00007f8f0d100000,0x00007f8f13400000)
 ParOldGen       total 1360384K, used 1006875K [0x00007f8359000000, 0x00007f83ac080000, 0x00007f8e03b00000)
  object space 1360384K, 74% used [0x00007f8359000000,0x00007f8396746ce8,0x00007f83ac080000)
 Metaspace       used 18000K, capacity 19082K, committed 19200K, reserved 20480K
Event: 14.376 GC heap after
Heap after GC invocations=11 (full 1):
 PSYoungGen      total 3522048K, used 101376K [0x00007f8e03b00000, 0x00007f8f47b80000, 0x00007f9359000000)
  eden space 3420672K, 0% used [0x00007f8e03b00000,0x00007f8e03b00000,0x00007f8ed4780000)
  from space 101376K, 100% used [0x00007f8f0d100000,0x00007f8f13400000,0x00007f8f13400000)
  to   space 927232K, 0% used [0x00007f8ed4780000,0x00007f8ed4780000,0x00007f8f0d100000)
 ParOldGen       total 1846272K, used 1844296K [0x00007f8359000000, 0x00007f83c9b00000, 0x00007f8e03b00000)
  object space 1846272K, 99% used [0x00007f8359000000,0x00007f83c99121f0,0x00007f83c9b00000)
 Metaspace       used 18000K, capacity 19082K, committed 19200K, reserved 20480K
}
Event: 14.376 GC heap before
{Heap before GC invocations=12 (full 2):
 PSYoungGen      total 3522048K, used 101376K [0x00007f8e03b00000, 0x00007f8f47b80000, 0x00007f9359000000)
  eden space 3420672K, 0% used [0x00007f8e03b00000,0x00007f8e03b00000,0x00007f8ed4780000)
  from space 101376K, 100% used [0x00007f8f0d100000,0x00007f8f13400000,0x00007f8f13400000)
  to   space 927232K, 0% used [0x00007f8ed4780000,0x00007f8ed4780000,0x00007f8f0d100000)
 ParOldGen       total 1846272K, used 1844296K [0x00007f8359000000, 0x00007f83c9b00000, 0x00007f8e03b00000)
  object space 1846272K, 99% used [0x00007f8359000000,0x00007f83c99121f0,0x00007f83c9b00000)
 Metaspace       used 18000K, capacity 19082K, committed 19200K, reserved 20480K
Event: 23.028 GC heap after
Heap after GC invocations=12 (full 2):
 PSYoungGen      total 3522048K, used 46024K [0x00007f8e03b00000, 0x00007f8f47b80000, 0x00007f9359000000)
  eden space 3420672K, 0% used [0x00007f8e03b00000,0x00007f8e03b00000,0x00007f8ed4780000)
  from space 101376K, 45% used [0x00007f8f0d100000,0x00007f8f0fdf2248,0x00007f8f13400000)
  to   space 927232K, 0% used [0x00007f8ed4780000,0x00007f8ed4780000,0x00007f8f0d100000)
 ParOldGen       total 3150336K, used 1846113K [0x00007f8359000000, 0x00007f8419480000, 0x00007f8e03b00000)
  object space 3150336K, 58% used [0x00007f8359000000,0x00007f83c9ad8798,0x00007f8419480000)
 Metaspace       used 18000K, capacity 19082K, committed 19200K, reserved 20480K
}
Event: 24.529 GC heap before
{Heap before GC invocations=13 (full 2):
 PSYoungGen      total 3522048K, used 3466696K [0x00007f8e03b00000, 0x00007f8f47b80000, 0x00007f9359000000)
  eden space 3420672K, 100% used [0x00007f8e03b00000,0x00007f8ed4780000,0x00007f8ed4780000)
  from space 101376K, 45% used [0x00007f8f0d100000,0x00007f8f0fdf2248,0x00007f8f13400000)
  to   space 927232K, 0% used [0x00007f8ed4780000,0x00007f8ed4780000,0x00007f8f0d100000)
 ParOldGen       total 3150336K, used 1846113K [0x00007f8359000000, 0x00007f8419480000, 0x00007f8e03b00000)
  object space 3150336K, 58% used [0x00007f8359000000,0x00007f83c9ad8798,0x00007f8419480000)
 Metaspace       used 18000K, capacity 19082K, committed 19200K, reserved 20480K
Event: 24.998 GC heap after
Heap after GC invocations=13 (full 2):
 PSYoungGen      total 4347904K, used 626311K [0x00007f8e03b00000, 0x00007f8f68e80000, 0x00007f9359000000)
  eden space 3420672K, 0% used [0x00007f8e03b00000,0x00007f8e03b00000,0x00007f8ed4780000)
  from space 927232K, 67% used [0x00007f8ed4780000,0x00007f8efab21f80,0x00007f8f0d100000)
  to   space 975360K, 0% used [0x00007f8f2d600000,0x00007f8f2d600000,0x00007f8f68e80000)
 ParOldGen       total 3150336K, used 1892417K [0x00007f8359000000, 0x00007f8419480000, 0x00007f8e03b00000)
  object space 3150336K, 60% used [0x00007f8359000000,0x00007f83cc810798,0x00007f8419480000)
 Metaspace       used 18000K, capacity 19082K, committed 19200K, reserved 20480K
}
Event: 26.910 GC heap before
{Heap before GC invocations=14 (full 2):
 PSYoungGen      total 4347904K, used 4046983K [0x00007f8e03b00000, 0x00007f8f68e80000, 0x00007f9359000000)
  eden space 3420672K, 100% used [0x00007f8e03b00000,0x00007f8ed4780000,0x00007f8ed4780000)
  from space 927232K, 67% used [0x00007f8ed4780000,0x00007f8efab21f80,0x00007f8f0d100000)
  to   space 975360K, 0% used [0x00007f8f2d600000,0x00007f8f2d600000,0x00007f8f68e80000)
 ParOldGen       total 3150336K, used 1892417K [0x00007f8359000000, 0x00007f8419480000, 0x00007f8e03b00000)
  object space 3150336K, 60% used [0x00007f8359000000,0x00007f83cc810798,0x00007f8419480000)
 Metaspace       used 18025K, capacity 19082K, committed 19200K, reserved 20480K
Event: 27.456 GC heap after
Heap after GC invocations=14 (full 2):
 PSYoungGen      total 4579840K, used 975335K [0x00007f8e03b00000, 0x00007f8f8ea00000, 0x00007f9359000000)
  eden space 3604480K, 0% used [0x00007f8e03b00000,0x00007f8e03b00000,0x00007f8edfb00000)
  from space 975360K, 99% used [0x00007f8f2d600000,0x00007f8f68e79f98,0x00007f8f68e80000)
  to   space 1272832K, 0% used [0x00007f8edfb00000,0x00007f8edfb00000,0x00007f8f2d600000)
 ParOldGen       total 3150336K, used 2251615K [0x00007f8359000000, 0x00007f8419480000, 0x00007f8e03b00000)
  object space 3150336K, 71% used [0x00007f8359000000,0x00007f83e26d7c10,0x00007f8419480000)
 Metaspace       used 18025K, capacity 19082K, committed 19200K, reserved 20480K
}

