# JRE version: OpenJDK Runtime Environment (8.0_265-b01) (build 1.8.0_265-8u265-b01-0ubuntu2~18.04-b01)
# Java VM: OpenJDK 64-Bit Server VM (25.265-b01 mixed mode linux-amd64 compressed oops)
Heap:
 PSYoungGen      total 538112K, used 500479K [0x000000076b000000, 0x0000000796980000, 0x00000007c0000000)
  eden space 452096K, 91% used [0x000000076b000000,0x00000007844e3f68,0x0000000786980000)
  from space 86016K, 99% used [0x0000000791580000,0x000000079695c070,0x0000000796980000)
  to   space 115712K, 0% used [0x0000000788780000,0x0000000788780000,0x000000078f880000)
 ParOldGen       total 373248K, used 197825K [0x00000006c1000000, 0x00000006d7c80000, 0x000000076b000000)
  object space 373248K, 53% used [0x00000006c1000000,0x00000006cd130778,0x00000006d7c80000)
 Metaspace       used 8945K, capacity 9212K, committed 9472K, reserved 1056768K
  class space    used 1144K, capacity 1234K, committed 1280K, reserved 1048576K
GC Heap History (10 events):
Event: 0.792 GC heap before
{Heap before GC invocations=3 (full 0):
 PSYoungGen      total 141824K, used 141802K [0x000000076b000000, 0x0000000774500000, 0x00000007c0000000)
  eden space 131072K, 100% used [0x000000076b000000,0x0000000773000000,0x0000000773000000)
  from space 10752K, 99% used [0x0000000773a80000,0x00000007744fabe8,0x0000000774500000)
  to   space 10752K, 0% used [0x0000000773000000,0x0000000773000000,0x0000000773a80000)
 ParOldGen       total 175104K, used 24854K [0x00000006c1000000, 0x00000006cbb00000, 0x000000076b000000)
  object space 175104K, 14% used [0x00000006c1000000,0x00000006c2845910,0x00000006cbb00000)
 Metaspace       used 8937K, capacity 9212K, committed 9472K, reserved 1056768K
  class space    used 1144K, capacity 1234K, committed 1280K, reserved 1048576K
Event: 0.876 GC heap after
Heap after GC invocations=3 (full 0):
 PSYoungGen      total 141824K, used 10746K [0x000000076b000000, 0x000000077c500000, 0x00000007c0000000)
  eden space 131072K, 0% used [0x000000076b000000,0x000000076b000000,0x0000000773000000)
  from space 10752K, 99% used [0x0000000773000000,0x0000000773a7ebe8,0x0000000773a80000)
  to   space 10752K, 0% used [0x000000077ba80000,0x000000077ba80000,0x000000077c500000)
 ParOldGen       total 175104K, used 66470K [0x00000006c1000000, 0x00000006cbb00000, 0x000000076b000000)
  object space 175104K, 37% used [0x00000006c1000000,0x00000006c50e9910,0x00000006cbb00000)
 Metaspace       used 8937K, capacity 9212K, committed 9472K, reserved 1056768K
  class space    used 1144K, capacity 1234K, committed 1280K, reserved 1048576K
}
Event: 0.912 GC heap before
{Heap before GC invocations=4 (full 0):
 PSYoungGen      total 141824K, used 141818K [0x000000076b000000, 0x000000077c500000, 0x00000007c0000000)
  eden space 131072K, 100% used [0x000000076b000000,0x0000000773000000,0x0000000773000000)
  from space 10752K, 99% used [0x0000000773000000,0x0000000773a7ebe8,0x0000000773a80000)
  to   space 10752K, 0% used [0x000000077ba80000,0x000000077ba80000,0x000000077c500000)
 ParOldGen       total 175104K, used 66470K [0x00000006c1000000, 0x00000006cbb00000, 0x000000076b000000)
  object space 175104K, 37% used [0x00000006c1000000,0x00000006c50e9910,0x00000006cbb00000)
 Metaspace       used 8937K, capacity 9212K, committed 9472K, reserved 1056768K
  class space    used 1144K, capacity 1234K, committed 1280K, reserved 1048576K
Event: 1.000 GC heap after
Heap after GC invocations=4 (full 0):
 PSYoungGen      total 272896K, used 10738K [0x000000076b000000, 0x000000077c500000, 0x00000007c0000000)
  eden space 262144K, 0% used [0x000000076b000000,0x000000076b000000,0x000000077b000000)
  from space 10752K, 99% used [0x000000077ba80000,0x000000077c4fca90,0x000000077c500000)
  to   space 10752K, 0% used [0x000000077b000000,0x000000077b000000,0x000000077ba80000)
 ParOldGen       total 175104K, used 107718K [0x00000006c1000000, 0x00000006cbb00000, 0x000000076b000000)
  object space 175104K, 61% used [0x00000006c1000000,0x00000006c7931910,0x00000006cbb00000)
 Metaspace       used 8937K, capacity 9212K, committed 9472K, reserved 1056768K
  class space    used 1144K, capacity 1234K, committed 1280K, reserved 1048576K
}
Event: 1.161 GC heap before
{Heap before GC invocations=5 (full 0):
 PSYoungGen      total 272896K, used 272882K [0x000000076b000000, 0x000000077c500000, 0x00000007c0000000)
  eden space 262144K, 100% used [0x000000076b000000,0x000000077b000000,0x000000077b000000)
  from space 10752K, 99% used [0x000000077ba80000,0x000000077c4fca90,0x000000077c500000)
  to   space 10752K, 0% used [0x000000077b000000,0x000000077b000000,0x000000077ba80000)
 ParOldGen       total 175104K, used 107718K [0x00000006c1000000, 0x00000006cbb00000, 0x000000076b000000)
  object space 175104K, 61% used [0x00000006c1000000,0x00000006c7931910,0x00000006cbb00000)
 Metaspace       used 8939K, capacity 9212K, committed 9472K, reserved 1056768K
  class space    used 1144K, capacity 1234K, committed 1280K, reserved 1048576K
Event: 1.320 GC heap after
Heap after GC invocations=5 (full 0):
 PSYoungGen      total 272896K, used 10747K [0x000000076b000000, 0x0000000797b00000, 0x00000007c0000000)
  eden space 262144K, 0% used [0x000000076b000000,0x000000076b000000,0x000000077b000000)
  from space 10752K, 99% used [0x000000077b000000,0x000000077ba7ec78,0x000000077ba80000)
  to   space 103936K, 0% used [0x0000000791580000,0x0000000791580000,0x0000000797b00000)
 ParOldGen       total 198144K, used 194214K [0x00000006c1000000, 0x00000006cd180000, 0x000000076b000000)
  object space 198144K, 98% used [0x00000006c1000000,0x00000006ccda9910,0x00000006cd180000)
 Metaspace       used 8939K, capacity 9212K, committed 9472K, reserved 1056768K
  class space    used 1144K, capacity 1234K, committed 1280K, reserved 1048576K
}
Event: 1.320 GC heap before
{Heap before GC invocations=6 (full 1):
 PSYoungGen      total 272896K, used 10747K [0x000000076b000000, 0x0000000797b00000, 0x00000007c0000000)
  eden space 262144K, 0% used [0x000000076b000000,0x000000076b000000,0x000000077b000000)
  from space 10752K, 99% used [0x000000077b000000,0x000000077ba7ec78,0x000000077ba80000)
  to   space 103936K, 0% used [0x0000000791580000,0x0000000791580000,0x0000000797b00000)
 ParOldGen       total 198144K, used 194214K [0x00000006c1000000, 0x00000006cd180000, 0x000000076b000000)
  object space 198144K, 98% used [0x00000006c1000000,0x00000006ccda9910,0x00000006cd180000)
 Metaspace       used 8939K, capacity 9212K, committed 9472K, reserved 1056768K
  class space    used 1144K, capacity 1234K, committed 1280K, reserved 1048576K
Event: 1.574 GC heap after
Heap after GC invocations=6 (full 1):
 PSYoungGen      total 272896K, used 3117K [0x000000076b000000, 0x0000000797b00000, 0x00000007c0000000)
  eden space 262144K, 0% used [0x000000076b000000,0x000000076b000000,0x000000077b000000)
  from space 10752K, 28% used [0x000000077b000000,0x000000077b30b640,0x000000077ba80000)
  to   space 103936K, 0% used [0x0000000791580000,0x0000000791580000,0x0000000797b00000)
 ParOldGen       total 373248K, used 197825K [0x00000006c1000000, 0x00000006d7c80000, 0x000000076b000000)
  object space 373248K, 53% used [0x00000006c1000000,0x00000006cd130778,0x00000006d7c80000)
 Metaspace       used 8939K, capacity 9212K, committed 9472K, reserved 1056768K
  class space    used 1144K, capacity 1234K, committed 1280K, reserved 1048576K
}
Event: 1.658 GC heap before
{Heap before GC invocations=7 (full 1):
 PSYoungGen      total 272896K, used 265261K [0x000000076b000000, 0x0000000797b00000, 0x00000007c0000000)
  eden space 262144K, 100% used [0x000000076b000000,0x000000077b000000,0x000000077b000000)
  from space 10752K, 28% used [0x000000077b000000,0x000000077b30b640,0x000000077ba80000)
  to   space 103936K, 0% used [0x0000000791580000,0x0000000791580000,0x0000000797b00000)
 ParOldGen       total 373248K, used 197825K [0x00000006c1000000, 0x00000006d7c80000, 0x000000076b000000)
  object space 373248K, 53% used [0x00000006c1000000,0x00000006cd130778,0x00000006d7c80000)
 Metaspace       used 8939K, capacity 9212K, committed 9472K, reserved 1056768K
  class space    used 1144K, capacity 1234K, committed 1280K, reserved 1048576K
Event: 1.774 GC heap after
Heap after GC invocations=7 (full 1):
 PSYoungGen      total 538112K, used 85872K [0x000000076b000000, 0x0000000796980000, 0x00000007c0000000)
  eden space 452096K, 0% used [0x000000076b000000,0x000000076b000000,0x0000000786980000)
  from space 86016K, 99% used [0x0000000791580000,0x000000079695c070,0x0000000796980000)
  to   space 115712K, 0% used [0x0000000788780000,0x0000000788780000,0x000000078f880000)
 ParOldGen       total 373248K, used 197825K [0x00000006c1000000, 0x00000006d7c80000, 0x000000076b000000)
  object space 373248K, 53% used [0x00000006c1000000,0x00000006cd130778,0x00000006d7c80000)
 Metaspace       used 8939K, capacity 9212K, committed 9472K, reserved 1056768K
  class space    used 1144K, capacity 1234K, committed 1280K, reserved 1048576K
}

