# JRE version: OpenJDK Runtime Environment (8.0_312-b07) (build 1.8.0_312-8u312-b07-0ubuntu1~20.04-b07)
# Java VM: OpenJDK 64-Bit Server VM (25.312-b07 mixed mode linux-amd64 compressed oops)
Heap:
 PSYoungGen      total 1066496K, used 715019K [0x0000000672d80000, 0x00000006b6880000, 0x00000007c0000000)
  eden space 1024000K, 65% used [0x0000000672d80000,0x000000069be45628,0x00000006b1580000)
  from space 42496K, 99% used [0x00000006b3f00000,0x00000006b687d9c0,0x00000006b6880000)
  to   space 42496K, 0% used [0x00000006b1580000,0x00000006b1580000,0x00000006b3f00000)
 ParOldGen       total 683008K, used 32913K [0x00000003d8800000, 0x0000000402300000, 0x0000000672d80000)
  object space 683008K, 4% used [0x00000003d8800000,0x00000003da824760,0x0000000402300000)
 Metaspace       used 8970K, capacity 9180K, committed 9472K, reserved 1056768K
  class space    used 1144K, capacity 1202K, committed 1280K, reserved 1048576K
GC Heap History (8 events):
Event: 1.145 GC heap before
{Heap before GC invocations=1 (full 0):
 PSYoungGen      total 298496K, used 256000K [0x0000000672d80000, 0x0000000687a80000, 0x00000007c0000000)
  eden space 256000K, 100% used [0x0000000672d80000,0x0000000682780000,0x0000000682780000)
  from space 42496K, 0% used [0x0000000685100000,0x0000000685100000,0x0000000687a80000)
  to   space 42496K, 0% used [0x0000000682780000,0x0000000682780000,0x0000000685100000)
 ParOldGen       total 683008K, used 0K [0x00000003d8800000, 0x0000000402300000, 0x0000000672d80000)
  object space 683008K, 0% used [0x00000003d8800000,0x00000003d8800000,0x0000000402300000)
 Metaspace       used 8707K, capacity 8924K, committed 9216K, reserved 1056768K
  class space    used 1133K, capacity 1202K, committed 1280K, reserved 1048576K
Event: 1.171 GC heap after
Heap after GC invocations=1 (full 0):
 PSYoungGen      total 298496K, used 42474K [0x0000000672d80000, 0x0000000697480000, 0x00000007c0000000)
  eden space 256000K, 0% used [0x0000000672d80000,0x0000000672d80000,0x0000000682780000)
  from space 42496K, 99% used [0x0000000682780000,0x00000006850fab68,0x0000000685100000)
  to   space 42496K, 0% used [0x0000000694b00000,0x0000000694b00000,0x0000000697480000)
 ParOldGen       total 683008K, used 689K [0x00000003d8800000, 0x0000000402300000, 0x0000000672d80000)
  object space 683008K, 0% used [0x00000003d8800000,0x00000003d88ac760,0x0000000402300000)
 Metaspace       used 8707K, capacity 8924K, committed 9216K, reserved 1056768K
  class space    used 1133K, capacity 1202K, committed 1280K, reserved 1048576K
}
Event: 1.270 GC heap before
{Heap before GC invocations=2 (full 0):
 PSYoungGen      total 298496K, used 298474K [0x0000000672d80000, 0x0000000697480000, 0x00000007c0000000)
  eden space 256000K, 100% used [0x0000000672d80000,0x0000000682780000,0x0000000682780000)
  from space 42496K, 99% used [0x0000000682780000,0x00000006850fab68,0x0000000685100000)
  to   space 42496K, 0% used [0x0000000694b00000,0x0000000694b00000,0x0000000697480000)
 ParOldGen       total 683008K, used 689K [0x00000003d8800000, 0x0000000402300000, 0x0000000672d80000)
  object space 683008K, 0% used [0x00000003d8800000,0x00000003d88ac760,0x0000000402300000)
 Metaspace       used 8716K, capacity 8924K, committed 9216K, reserved 1056768K
  class space    used 1133K, capacity 1202K, committed 1280K, reserved 1048576K
Event: 1.293 GC heap after
Heap after GC invocations=2 (full 0):
 PSYoungGen      total 554496K, used 40173K [0x0000000672d80000, 0x0000000697480000, 0x00000007c0000000)
  eden space 512000K, 0% used [0x0000000672d80000,0x0000000672d80000,0x0000000692180000)
  from space 42496K, 94% used [0x0000000694b00000,0x000000069723b420,0x0000000697480000)
  to   space 42496K, 0% used [0x0000000692180000,0x0000000692180000,0x0000000694b00000)
 ParOldGen       total 683008K, used 697K [0x00000003d8800000, 0x0000000402300000, 0x0000000672d80000)
  object space 683008K, 0% used [0x00000003d8800000,0x00000003d88ae760,0x0000000402300000)
 Metaspace       used 8716K, capacity 8924K, committed 9216K, reserved 1056768K
  class space    used 1133K, capacity 1202K, committed 1280K, reserved 1048576K
}
Event: 2.950 GC heap before
{Heap before GC invocations=3 (full 0):
 PSYoungGen      total 554496K, used 552173K [0x0000000672d80000, 0x0000000697480000, 0x00000007c0000000)
  eden space 512000K, 100% used [0x0000000672d80000,0x0000000692180000,0x0000000692180000)
  from space 42496K, 94% used [0x0000000694b00000,0x000000069723b420,0x0000000697480000)
  to   space 42496K, 0% used [0x0000000692180000,0x0000000692180000,0x0000000694b00000)
 ParOldGen       total 683008K, used 697K [0x00000003d8800000, 0x0000000402300000, 0x0000000672d80000)
  object space 683008K, 0% used [0x00000003d8800000,0x00000003d88ae760,0x0000000402300000)
 Metaspace       used 8868K, capacity 9116K, committed 9216K, reserved 1056768K
  class space    used 1143K, capacity 1202K, committed 1280K, reserved 1048576K
Event: 2.979 GC heap after
Heap after GC invocations=3 (full 0):
 PSYoungGen      total 554496K, used 42486K [0x0000000672d80000, 0x00000006b6880000, 0x00000007c0000000)
  eden space 512000K, 0% used [0x0000000672d80000,0x0000000672d80000,0x0000000692180000)
  from space 42496K, 99% used [0x0000000692180000,0x0000000694afd9c0,0x0000000694b00000)
  to   space 42496K, 0% used [0x00000006b3f00000,0x00000006b3f00000,0x00000006b6880000)
 ParOldGen       total 683008K, used 7609K [0x00000003d8800000, 0x0000000402300000, 0x0000000672d80000)
  object space 683008K, 1% used [0x00000003d8800000,0x00000003d8f6e760,0x0000000402300000)
 Metaspace       used 8868K, capacity 9116K, committed 9216K, reserved 1056768K
  class space    used 1143K, capacity 1202K, committed 1280K, reserved 1048576K
}
Event: 4.618 GC heap before
{Heap before GC invocations=4 (full 0):
 PSYoungGen      total 554496K, used 554486K [0x0000000672d80000, 0x00000006b6880000, 0x00000007c0000000)
  eden space 512000K, 100% used [0x0000000672d80000,0x0000000692180000,0x0000000692180000)
  from space 42496K, 99% used [0x0000000692180000,0x0000000694afd9c0,0x0000000694b00000)
  to   space 42496K, 0% used [0x00000006b3f00000,0x00000006b3f00000,0x00000006b6880000)
 ParOldGen       total 683008K, used 7609K [0x00000003d8800000, 0x0000000402300000, 0x0000000672d80000)
  object space 683008K, 1% used [0x00000003d8800000,0x00000003d8f6e760,0x0000000402300000)
 Metaspace       used 8882K, capacity 9116K, committed 9216K, reserved 1056768K
  class space    used 1144K, capacity 1202K, committed 1280K, reserved 1048576K
Event: 4.658 GC heap after
Heap after GC invocations=4 (full 0):
 PSYoungGen      total 1066496K, used 42486K [0x0000000672d80000, 0x00000006b6880000, 0x00000007c0000000)
  eden space 1024000K, 0% used [0x0000000672d80000,0x0000000672d80000,0x00000006b1580000)
  from space 42496K, 99% used [0x00000006b3f00000,0x00000006b687d9c0,0x00000006b6880000)
  to   space 42496K, 0% used [0x00000006b1580000,0x00000006b1580000,0x00000006b3f00000)
 ParOldGen       total 683008K, used 32913K [0x00000003d8800000, 0x0000000402300000, 0x0000000672d80000)
  object space 683008K, 4% used [0x00000003d8800000,0x00000003da824760,0x0000000402300000)
 Metaspace       used 8882K, capacity 9116K, committed 9216K, reserved 1056768K
  class space    used 1144K, capacity 1202K, committed 1280K, reserved 1048576K
}

